Building with native build. Learn about native build in Compose here: https://docs.docker.com/go/compose-native-build/
Starting root_logger_1 ... 
Starting root_logger_1 ... done
Starting root_binding_generator_1 ... 
Starting root_binding_generator_1 ... done
Starting root_binding_manager_1   ... 
Starting root_binding_manager_1   ... done
Recreating root_mt_manager_1      ... 
Starting root_pr_gateway_1        ... 
Starting root_P0_1                ... 
Starting root_P0_1                ... done
Starting root_pr_gateway_1        ... done
Recreating root_mt_manager_1      ... done
Recreating root_user_gateway_1    ... 
Recreating root_user_gateway_1    ... done
Attaching to root_logger_1, root_binding_generator_1, root_binding_manager_1, root_P0_1, root_pr_gateway_1, root_mt_manager_1, root_user_gateway_1
[33mbinding_generator_1  |[0m [2021-05-31 10:00:50 +0000] [1] [INFO] Starting gunicorn 20.0.4
[33mbinding_generator_1  |[0m [2021-05-31 10:00:50 +0000] [1] [INFO] Listening at: http://0.0.0.0:80 (1)
[33mbinding_generator_1  |[0m [2021-05-31 10:00:50 +0000] [1] [INFO] Using worker: sync
[33mbinding_generator_1  |[0m [2021-05-31 10:00:50 +0000] [8] [INFO] Booting worker with pid: 8
[32mbinding_manager_1    |[0m [2021-05-31 10:00:51 +0000] [1] [INFO] Starting gunicorn 20.0.4
[32mbinding_manager_1    |[0m [2021-05-31 10:00:51 +0000] [1] [INFO] Listening at: http://0.0.0.0:80 (1)
[32mbinding_manager_1    |[0m [2021-05-31 10:00:51 +0000] [1] [INFO] Using worker: sync
[32mbinding_manager_1    |[0m [2021-05-31 10:00:51 +0000] [8] [INFO] Booting worker with pid: 8
[35mlogger_1             |[0m [2021-05-31 10:00:49 +0000] [1] [INFO] Starting gunicorn 20.0.4
[35mlogger_1             |[0m [2021-05-31 10:00:49 +0000] [1] [INFO] Listening at: http://0.0.0.0:80 (1)
[35mlogger_1             |[0m [2021-05-31 10:00:49 +0000] [1] [INFO] Using worker: sync
[35mlogger_1             |[0m [2021-05-31 10:00:49 +0000] [7] [INFO] Booting worker with pid: 7
[34mmt_manager_1         |[0m [2021-05-31 10:00:53 +0000] [1] [INFO] Starting gunicorn 20.0.4
[34mmt_manager_1         |[0m [2021-05-31 10:00:53 +0000] [1] [INFO] Listening at: http://0.0.0.0:80 (1)
[34mmt_manager_1         |[0m [2021-05-31 10:00:53 +0000] [1] [INFO] Using worker: sync
[34mmt_manager_1         |[0m [2021-05-31 10:00:53 +0000] [8] [INFO] Booting worker with pid: 8
[36;1mpr_gateway_1         |[0m [2021-05-31 10:00:53 +0000] [1] [INFO] Starting gunicorn 20.0.4
[36;1mpr_gateway_1         |[0m [2021-05-31 10:00:53 +0000] [1] [INFO] Listening at: http://0.0.0.0:80 (1)
[36;1mpr_gateway_1         |[0m [2021-05-31 10:00:53 +0000] [1] [INFO] Using worker: sync
[36;1mpr_gateway_1         |[0m [2021-05-31 10:00:53 +0000] [8] [INFO] Booting worker with pid: 8
[36;1mpr_gateway_1         |[0m Connected with result code 0
[33;1muser_gateway_1       |[0m [2021-05-31 10:00:54 +0000] [1] [INFO] Starting gunicorn 20.0.4
[33;1muser_gateway_1       |[0m [2021-05-31 10:00:54 +0000] [1] [INFO] Listening at: http://0.0.0.0:80 (1)
[33;1muser_gateway_1       |[0m [2021-05-31 10:00:54 +0000] [1] [INFO] Using worker: sync
[33;1muser_gateway_1       |[0m [2021-05-31 10:00:54 +0000] [9] [INFO] Booting worker with pid: 9
[36;1mpr_gateway_1         |[0m /all b'be.michelfra.disable_cc00'
[33mbinding_generator_1  |[0m clang -I../../picoquic -fno-stack-protector -O2 -fno-gnu-inline-asm -emit-llvm -c congestion_algorithm_notify.c -o - | llc -march=bpf -filetype=obj -o congestion_algorithm_notify.o
[35mlogger_1             |[0m [2021-05-31 10:01:46] [INFO] <pv.binding_manager.api> post_binding : <be.michelfra.disable_cc00>
[35mlogger_1             |[0m [2021-05-31 10:01:53] [INFO] <pv.binding_manager.api> get_binding : <P0> : <200> : <be.michelfra.disable_cc00>
[35mlogger_1             |[0m [2021-05-31 10:01:58] [INFO] <pv.binding_manager.api> add_result : from <P0> for <be.michelfra.disable_cc00> : status <200>
[34mmt_manager_1         |[0m perf_log, 1, 0.001174
[34mmt_manager_1         |[0m perf_log, 1, 0.001151
[34mmt_manager_1         |[0m perf_log, 1, 0.001120
[34mmt_manager_1         |[0m perf_log, 1, 0.000417
[34mmt_manager_1         |[0m perf_log, 1, 0.001109
[34mmt_manager_1         |[0m perf_log, 1, 0.001111
[34mmt_manager_1         |[0m perf_log, 1, 0.001109
[34mmt_manager_1         |[0m perf_log, 1, 0.001230
[34mmt_manager_1         |[0m perf_log, 1, 0.001120
[34mmt_manager_1         |[0m perf_log, 1, 0.001076
[34mmt_manager_1         |[0m perf_log, 1, 0.001127
[34mmt_manager_1         |[0m perf_log, 1, 0.001117
[34mmt_manager_1         |[0m perf_log, 1, 0.001081
[34mmt_manager_1         |[0m perf_log, 1, 0.001077
[34mmt_manager_1         |[0m perf_log, 1, 0.001083
[34mmt_manager_1         |[0m perf_log, 1, 0.002082
[34mmt_manager_1         |[0m perf_log, 1, 0.001075
[34mmt_manager_1         |[0m perf_log, 1, 0.001113
[34mmt_manager_1         |[0m perf_log, 1, 0.001081
[34mmt_manager_1         |[0m perf_log, 1, 0.001072
[34mmt_manager_1         |[0m perf_log, 1, 0.001076
[34mmt_manager_1         |[0m perf_log, 1, 0.001101
[36;1mpr_gateway_1         |[0m /all b'be.michelfra.disable_cc01'
[33mbinding_generator_1  |[0m clang -I../../picoquic -fno-stack-protector -O2 -fno-gnu-inline-asm -emit-llvm -c congestion_algorithm_notify.c -o - | llc -march=bpf -filetype=obj -o congestion_algorithm_notify.o
[35mlogger_1             |[0m [2021-05-31 10:05:46] [INFO] <pv.binding_manager.api> post_binding : <be.michelfra.disable_cc01>
[34mmt_manager_1         |[0m perf_log, 1, 0.001196
[34mmt_manager_1         |[0m perf_log, 1, 0.001075
[35mlogger_1             |[0m [2021-05-31 10:05:58] [INFO] <pv.binding_manager.api> get_binding : <P0> : <200> : <be.michelfra.disable_cc01>
[35mlogger_1             |[0m [2021-05-31 10:06:03] [INFO] <pv.binding_manager.api> add_result : from <P0> for <be.michelfra.disable_cc01> : status <200>
[34mmt_manager_1         |[0m perf_log, 2, 0.001228
[34mmt_manager_1         |[0m perf_log, 2, 0.001190
[34mmt_manager_1         |[0m perf_log, 2, 0.001187
[34mmt_manager_1         |[0m perf_log, 2, 0.001220
[34mmt_manager_1         |[0m perf_log, 2, 0.001189
[34mmt_manager_1         |[0m perf_log, 2, 0.001192
[34mmt_manager_1         |[0m perf_log, 2, 0.001190
[34mmt_manager_1         |[0m perf_log, 2, 0.001221
[34mmt_manager_1         |[0m perf_log, 2, 0.001308
[34mmt_manager_1         |[0m perf_log, 2, 0.000702
[34mmt_manager_1         |[0m perf_log, 2, 0.001187
[34mmt_manager_1         |[0m perf_log, 2, 0.001279
[34mmt_manager_1         |[0m perf_log, 2, 0.001188
[34mmt_manager_1         |[0m perf_log, 2, 0.001190
[34mmt_manager_1         |[0m perf_log, 2, 0.001185
[34mmt_manager_1         |[0m perf_log, 2, 0.001191
[34mmt_manager_1         |[0m perf_log, 2, 0.001480
[34mmt_manager_1         |[0m perf_log, 2, 0.001312
[34mmt_manager_1         |[0m perf_log, 2, 0.001195
[34mmt_manager_1         |[0m perf_log, 2, 0.001295
[34mmt_manager_1         |[0m perf_log, 2, 0.001195
[34mmt_manager_1         |[0m perf_log, 2, 0.001184
[36;1mpr_gateway_1         |[0m /all b'be.michelfra.disable_cc02'
[36;1mpr_gateway_1         |[0m /all b'be.michelfra.disable_cc03'
[33mbinding_generator_1  |[0m clang -I../../picoquic -fno-stack-protector -O2 -fno-gnu-inline-asm -emit-llvm -c congestion_algorithm_notify.c -o - | llc -march=bpf -filetype=obj -o congestion_algorithm_notify.o
[35mlogger_1             |[0m [2021-05-31 10:09:46] [INFO] <pv.binding_manager.api> post_binding : <be.michelfra.disable_cc02>
[33mbinding_generator_1  |[0m clang -I../../picoquic -fno-stack-protector -O2 -fno-gnu-inline-asm -emit-llvm -c congestion_algorithm_notify.c -o - | llc -march=bpf -filetype=obj -o congestion_algorithm_notify.o
[35mlogger_1             |[0m [2021-05-31 10:09:46] [INFO] <pv.binding_manager.api> post_binding : <be.michelfra.disable_cc03>
[34mmt_manager_1         |[0m perf_log, 2, 0.001189
[34mmt_manager_1         |[0m perf_log, 2, 0.001350
[35mlogger_1             |[0m [2021-05-31 10:10:03] [INFO] <pv.binding_manager.api> get_binding : <P0> : <200> : <be.michelfra.disable_cc02>
[35mlogger_1             |[0m [2021-05-31 10:10:08] [INFO] <pv.binding_manager.api> add_result : from <P0> for <be.michelfra.disable_cc02> : status <200>
[35mlogger_1             |[0m [2021-05-31 10:10:08] [INFO] <pv.binding_manager.api> get_binding : <P0> : <200> : <be.michelfra.disable_cc03>
[34mmt_manager_1         |[0m perf_log, 3, 0.001310
[35mlogger_1             |[0m [2021-05-31 10:10:13] [INFO] <pv.binding_manager.api> add_result : from <P0> for <be.michelfra.disable_cc03> : status <200>
[34mmt_manager_1         |[0m perf_log, 4, 0.001430
[34mmt_manager_1         |[0m perf_log, 4, 0.001512
[34mmt_manager_1         |[0m perf_log, 4, 0.001529
[34mmt_manager_1         |[0m perf_log, 4, 0.001564
[34mmt_manager_1         |[0m perf_log, 4, 0.001437
[34mmt_manager_1         |[0m perf_log, 4, 0.001431
[34mmt_manager_1         |[0m perf_log, 4, 0.001462
[34mmt_manager_1         |[0m perf_log, 4, 0.001431
[34mmt_manager_1         |[0m perf_log, 4, 0.001432
[34mmt_manager_1         |[0m perf_log, 4, 0.001597
[34mmt_manager_1         |[0m perf_log, 4, 0.001428
[34mmt_manager_1         |[0m perf_log, 4, 0.001428
[34mmt_manager_1         |[0m perf_log, 4, 0.001600
[34mmt_manager_1         |[0m perf_log, 4, 0.001685
[34mmt_manager_1         |[0m perf_log, 4, 0.001467
[34mmt_manager_1         |[0m perf_log, 4, 0.001449
[34mmt_manager_1         |[0m perf_log, 4, 0.001424
[34mmt_manager_1         |[0m perf_log, 4, 0.001457
[34mmt_manager_1         |[0m perf_log, 4, 0.001429
[34mmt_manager_1         |[0m perf_log, 4, 0.001437
[34mmt_manager_1         |[0m perf_log, 4, 0.001583
[36;1mpr_gateway_1         |[0m /all b'be.michelfra.disable_cc04'
[36;1mpr_gateway_1         |[0m /all b'be.michelfra.disable_cc05'
[36;1mpr_gateway_1         |[0m /all b'be.michelfra.disable_cc06'
[36;1mpr_gateway_1         |[0m /all b'be.michelfra.disable_cc07'
[33mbinding_generator_1  |[0m clang -I../../picoquic -fno-stack-protector -O2 -fno-gnu-inline-asm -emit-llvm -c congestion_algorithm_notify.c -o - | llc -march=bpf -filetype=obj -o congestion_algorithm_notify.o
[35mlogger_1             |[0m [2021-05-31 10:13:46] [INFO] <pv.binding_manager.api> post_binding : <be.michelfra.disable_cc04>
[33mbinding_generator_1  |[0m clang -I../../picoquic -fno-stack-protector -O2 -fno-gnu-inline-asm -emit-llvm -c congestion_algorithm_notify.c -o - | llc -march=bpf -filetype=obj -o congestion_algorithm_notify.o
[35mlogger_1             |[0m [2021-05-31 10:13:46] [INFO] <pv.binding_manager.api> post_binding : <be.michelfra.disable_cc05>
[33mbinding_generator_1  |[0m clang -I../../picoquic -fno-stack-protector -O2 -fno-gnu-inline-asm -emit-llvm -c congestion_algorithm_notify.c -o - | llc -march=bpf -filetype=obj -o congestion_algorithm_notify.o
[35mlogger_1             |[0m [2021-05-31 10:13:46] [INFO] <pv.binding_manager.api> post_binding : <be.michelfra.disable_cc06>
[33mbinding_generator_1  |[0m clang -I../../picoquic -fno-stack-protector -O2 -fno-gnu-inline-asm -emit-llvm -c congestion_algorithm_notify.c -o - | llc -march=bpf -filetype=obj -o congestion_algorithm_notify.o
[35mlogger_1             |[0m [2021-05-31 10:13:46] [INFO] <pv.binding_manager.api> post_binding : <be.michelfra.disable_cc07>
[34mmt_manager_1         |[0m perf_log, 4, 0.001434
[34mmt_manager_1         |[0m perf_log, 4, 0.001432
[34mmt_manager_1         |[0m perf_log, 4, 0.001518
[35mlogger_1             |[0m [2021-05-31 10:14:14] [INFO] <pv.binding_manager.api> get_binding : <P0> : <200> : <be.michelfra.disable_cc04>
[35mlogger_1             |[0m [2021-05-31 10:14:19] [INFO] <pv.binding_manager.api> add_result : from <P0> for <be.michelfra.disable_cc04> : status <200>
[35mlogger_1             |[0m [2021-05-31 10:14:19] [INFO] <pv.binding_manager.api> get_binding : <P0> : <200> : <be.michelfra.disable_cc05>
[34mmt_manager_1         |[0m perf_log, 5, 0.001549
[35mlogger_1             |[0m [2021-05-31 10:14:24] [INFO] <pv.binding_manager.api> add_result : from <P0> for <be.michelfra.disable_cc05> : status <200>
[35mlogger_1             |[0m [2021-05-31 10:14:24] [INFO] <pv.binding_manager.api> get_binding : <P0> : <200> : <be.michelfra.disable_cc06>
[35mlogger_1             |[0m [2021-05-31 10:14:29] [INFO] <pv.binding_manager.api> add_result : from <P0> for <be.michelfra.disable_cc06> : status <200>
[35mlogger_1             |[0m [2021-05-31 10:14:29] [INFO] <pv.binding_manager.api> get_binding : <P0> : <200> : <be.michelfra.disable_cc07>
[34mmt_manager_1         |[0m perf_log, 7, 0.001902
[35mlogger_1             |[0m [2021-05-31 10:14:34] [INFO] <pv.binding_manager.api> add_result : from <P0> for <be.michelfra.disable_cc07> : status <200>
[34mmt_manager_1         |[0m perf_log, 8, 0.001893
[34mmt_manager_1         |[0m perf_log, 8, 0.001930
[34mmt_manager_1         |[0m perf_log, 8, 0.001898
[34mmt_manager_1         |[0m perf_log, 8, 0.001899
[34mmt_manager_1         |[0m perf_log, 8, 0.002175
[34mmt_manager_1         |[0m perf_log, 8, 0.001894
[34mmt_manager_1         |[0m perf_log, 8, 0.001961
[34mmt_manager_1         |[0m perf_log, 8, 0.001923
[34mmt_manager_1         |[0m perf_log, 8, 0.001923
[34mmt_manager_1         |[0m perf_log, 8, 0.001896
[34mmt_manager_1         |[0m perf_log, 8, 0.001891
[34mmt_manager_1         |[0m perf_log, 8, 0.001921
[34mmt_manager_1         |[0m perf_log, 8, 0.001988
[34mmt_manager_1         |[0m perf_log, 8, 0.001914
[34mmt_manager_1         |[0m perf_log, 8, 0.001893
[34mmt_manager_1         |[0m perf_log, 8, 0.001926
[34mmt_manager_1         |[0m perf_log, 8, 0.001929
[34mmt_manager_1         |[0m perf_log, 8, 0.001921
[36;1mpr_gateway_1         |[0m /all b'be.michelfra.disable_cc08'
[36;1mpr_gateway_1         |[0m /all b'be.michelfra.disable_cc09'
[36;1mpr_gateway_1         |[0m /all b'be.michelfra.disable_cc10'
[36;1mpr_gateway_1         |[0m /all b'be.michelfra.disable_cc11'
[36;1mpr_gateway_1         |[0m /all b'be.michelfra.disable_cc12'
[36;1mpr_gateway_1         |[0m /all b'be.michelfra.disable_cc13'
[36;1mpr_gateway_1         |[0m /all b'be.michelfra.disable_cc14'
[36;1mpr_gateway_1         |[0m /all b'be.michelfra.disable_cc15'
[33mbinding_generator_1  |[0m clang -I../../picoquic -fno-stack-protector -O2 -fno-gnu-inline-asm -emit-llvm -c congestion_algorithm_notify.c -o - | llc -march=bpf -filetype=obj -o congestion_algorithm_notify.o
[34mmt_manager_1         |[0m perf_log, 8, 0.001921
[35mlogger_1             |[0m [2021-05-31 10:17:46] [INFO] <pv.binding_manager.api> post_binding : <be.michelfra.disable_cc08>
[33mbinding_generator_1  |[0m clang -I../../picoquic -fno-stack-protector -O2 -fno-gnu-inline-asm -emit-llvm -c congestion_algorithm_notify.c -o - | llc -march=bpf -filetype=obj -o congestion_algorithm_notify.o
[35mlogger_1             |[0m [2021-05-31 10:17:46] [INFO] <pv.binding_manager.api> post_binding : <be.michelfra.disable_cc09>
[33mbinding_generator_1  |[0m clang -I../../picoquic -fno-stack-protector -O2 -fno-gnu-inline-asm -emit-llvm -c congestion_algorithm_notify.c -o - | llc -march=bpf -filetype=obj -o congestion_algorithm_notify.o
[35mlogger_1             |[0m [2021-05-31 10:17:46] [INFO] <pv.binding_manager.api> post_binding : <be.michelfra.disable_cc10>
[33mbinding_generator_1  |[0m clang -I../../picoquic -fno-stack-protector -O2 -fno-gnu-inline-asm -emit-llvm -c congestion_algorithm_notify.c -o - | llc -march=bpf -filetype=obj -o congestion_algorithm_notify.o
[35mlogger_1             |[0m [2021-05-31 10:17:46] [INFO] <pv.binding_manager.api> post_binding : <be.michelfra.disable_cc11>
[33mbinding_generator_1  |[0m clang -I../../picoquic -fno-stack-protector -O2 -fno-gnu-inline-asm -emit-llvm -c congestion_algorithm_notify.c -o - | llc -march=bpf -filetype=obj -o congestion_algorithm_notify.o
[35mlogger_1             |[0m [2021-05-31 10:17:46] [INFO] <pv.binding_manager.api> post_binding : <be.michelfra.disable_cc12>
[33mbinding_generator_1  |[0m clang -I../../picoquic -fno-stack-protector -O2 -fno-gnu-inline-asm -emit-llvm -c congestion_algorithm_notify.c -o - | llc -march=bpf -filetype=obj -o congestion_algorithm_notify.o
[35mlogger_1             |[0m [2021-05-31 10:17:46] [INFO] <pv.binding_manager.api> post_binding : <be.michelfra.disable_cc13>
[33mbinding_generator_1  |[0m clang -I../../picoquic -fno-stack-protector -O2 -fno-gnu-inline-asm -emit-llvm -c congestion_algorithm_notify.c -o - | llc -march=bpf -filetype=obj -o congestion_algorithm_notify.o
[35mlogger_1             |[0m [2021-05-31 10:17:46] [INFO] <pv.binding_manager.api> post_binding : <be.michelfra.disable_cc14>
[33mbinding_generator_1  |[0m clang -I../../picoquic -fno-stack-protector -O2 -fno-gnu-inline-asm -emit-llvm -c congestion_algorithm_notify.c -o - | llc -march=bpf -filetype=obj -o congestion_algorithm_notify.o
[35mlogger_1             |[0m [2021-05-31 10:17:47] [INFO] <pv.binding_manager.api> post_binding : <be.michelfra.disable_cc15>
[34mmt_manager_1         |[0m perf_log, 8, 0.001922
[35mlogger_1             |[0m [2021-05-31 10:18:04] [INFO] <pv.binding_manager.api> get_binding : <P0> : <200> : <be.michelfra.disable_cc08>
[34mmt_manager_1         |[0m perf_log, 8, 0.001926
[35mlogger_1             |[0m [2021-05-31 10:18:09] [INFO] <pv.binding_manager.api> add_result : from <P0> for <be.michelfra.disable_cc08> : status <200>
[35mlogger_1             |[0m [2021-05-31 10:18:09] [INFO] <pv.binding_manager.api> get_binding : <P0> : <200> : <be.michelfra.disable_cc09>
[35mlogger_1             |[0m [2021-05-31 10:18:14] [INFO] <pv.binding_manager.api> add_result : from <P0> for <be.michelfra.disable_cc09> : status <200>
[35mlogger_1             |[0m [2021-05-31 10:18:14] [INFO] <pv.binding_manager.api> get_binding : <P0> : <200> : <be.michelfra.disable_cc10>
[34mmt_manager_1         |[0m perf_log, 10, 0.002233
[35mlogger_1             |[0m [2021-05-31 10:18:19] [INFO] <pv.binding_manager.api> add_result : from <P0> for <be.michelfra.disable_cc10> : status <200>
[35mlogger_1             |[0m [2021-05-31 10:18:19] [INFO] <pv.binding_manager.api> get_binding : <P0> : <200> : <be.michelfra.disable_cc11>
[35mlogger_1             |[0m [2021-05-31 10:18:24] [INFO] <pv.binding_manager.api> add_result : from <P0> for <be.michelfra.disable_cc11> : status <200>
[35mlogger_1             |[0m [2021-05-31 10:18:24] [INFO] <pv.binding_manager.api> get_binding : <P0> : <200> : <be.michelfra.disable_cc12>
[34mmt_manager_1         |[0m perf_log, 12, 0.002460
[35mlogger_1             |[0m [2021-05-31 10:18:29] [INFO] <pv.binding_manager.api> add_result : from <P0> for <be.michelfra.disable_cc12> : status <200>
[35mlogger_1             |[0m [2021-05-31 10:18:29] [INFO] <pv.binding_manager.api> get_binding : <P0> : <200> : <be.michelfra.disable_cc13>
[35mlogger_1             |[0m [2021-05-31 10:18:34] [INFO] <pv.binding_manager.api> add_result : from <P0> for <be.michelfra.disable_cc13> : status <200>
[35mlogger_1             |[0m [2021-05-31 10:18:34] [INFO] <pv.binding_manager.api> get_binding : <P0> : <200> : <be.michelfra.disable_cc14>
[34mmt_manager_1         |[0m perf_log, 14, 0.002637
[35mlogger_1             |[0m [2021-05-31 10:18:39] [INFO] <pv.binding_manager.api> add_result : from <P0> for <be.michelfra.disable_cc14> : status <200>
[35mlogger_1             |[0m [2021-05-31 10:18:39] [INFO] <pv.binding_manager.api> get_binding : <P0> : <200> : <be.michelfra.disable_cc15>
[35mlogger_1             |[0m [2021-05-31 10:18:44] [INFO] <pv.binding_manager.api> add_result : from <P0> for <be.michelfra.disable_cc15> : status <200>
[34mmt_manager_1         |[0m perf_log, 16, 0.002858
[34mmt_manager_1         |[0m perf_log, 16, 0.002898
[34mmt_manager_1         |[0m perf_log, 16, 0.002861
[34mmt_manager_1         |[0m perf_log, 16, 0.002894
[34mmt_manager_1         |[0m perf_log, 16, 0.003104
[34mmt_manager_1         |[0m perf_log, 16, 0.002903
[34mmt_manager_1         |[0m perf_log, 16, 0.002866
[34mmt_manager_1         |[0m perf_log, 16, 0.002914
[34mmt_manager_1         |[0m perf_log, 16, 0.002835
[34mmt_manager_1         |[0m perf_log, 16, 0.002973
[34mmt_manager_1         |[0m perf_log, 16, 0.003115
[34mmt_manager_1         |[0m perf_log, 16, 0.002853
[34mmt_manager_1         |[0m perf_log, 16, 0.002865
[34mmt_manager_1         |[0m perf_log, 16, 0.002944
[34mmt_manager_1         |[0m perf_log, 16, 0.002872
[34mmt_manager_1         |[0m perf_log, 16, 0.002958
[34mmt_manager_1         |[0m perf_log, 16, 0.002862
[34mmt_manager_1         |[0m perf_log, 16, 0.002904
[36;1mpr_gateway_1         |[0m /all b'be.michelfra.disable_cc16'
[36;1mpr_gateway_1         |[0m /all b'be.michelfra.disable_cc17'
[36;1mpr_gateway_1         |[0m /all b'be.michelfra.disable_cc18'
[36;1mpr_gateway_1         |[0m /all b'be.michelfra.disable_cc19'
[36;1mpr_gateway_1         |[0m /all b'be.michelfra.disable_cc20'
[36;1mpr_gateway_1         |[0m /all b'be.michelfra.disable_cc21'
[36;1mpr_gateway_1         |[0m /all b'be.michelfra.disable_cc22'
[36;1mpr_gateway_1         |[0m /all b'be.michelfra.disable_cc23'
[36;1mpr_gateway_1         |[0m /all b'be.michelfra.disable_cc24'
[36;1mpr_gateway_1         |[0m /all b'be.michelfra.disable_cc25'
[36;1mpr_gateway_1         |[0m /all b'be.michelfra.disable_cc26'
[36;1mpr_gateway_1         |[0m /all b'be.michelfra.disable_cc27'
[36;1mpr_gateway_1         |[0m /all b'be.michelfra.disable_cc28'
[36;1mpr_gateway_1         |[0m /all b'be.michelfra.disable_cc29'
[36;1mpr_gateway_1         |[0m /all b'be.michelfra.disable_cc30'
[36;1mpr_gateway_1         |[0m /all b'be.michelfra.disable_cc31'
[33mbinding_generator_1  |[0m clang -I../../picoquic -fno-stack-protector -O2 -fno-gnu-inline-asm -emit-llvm -c congestion_algorithm_notify.c -o - | llc -march=bpf -filetype=obj -o congestion_algorithm_notify.o
[35mlogger_1             |[0m [2021-05-31 10:21:46] [INFO] <pv.binding_manager.api> post_binding : <be.michelfra.disable_cc16>
[33mbinding_generator_1  |[0m clang -I../../picoquic -fno-stack-protector -O2 -fno-gnu-inline-asm -emit-llvm -c congestion_algorithm_notify.c -o - | llc -march=bpf -filetype=obj -o congestion_algorithm_notify.o
[35mlogger_1             |[0m [2021-05-31 10:21:46] [INFO] <pv.binding_manager.api> post_binding : <be.michelfra.disable_cc17>
[33mbinding_generator_1  |[0m clang -I../../picoquic -fno-stack-protector -O2 -fno-gnu-inline-asm -emit-llvm -c congestion_algorithm_notify.c -o - | llc -march=bpf -filetype=obj -o congestion_algorithm_notify.o
[35mlogger_1             |[0m [2021-05-31 10:21:46] [INFO] <pv.binding_manager.api> post_binding : <be.michelfra.disable_cc18>
[33mbinding_generator_1  |[0m clang -I../../picoquic -fno-stack-protector -O2 -fno-gnu-inline-asm -emit-llvm -c congestion_algorithm_notify.c -o - | llc -march=bpf -filetype=obj -o congestion_algorithm_notify.o
[35mlogger_1             |[0m [2021-05-31 10:21:46] [INFO] <pv.binding_manager.api> post_binding : <be.michelfra.disable_cc19>
[33mbinding_generator_1  |[0m clang -I../../picoquic -fno-stack-protector -O2 -fno-gnu-inline-asm -emit-llvm -c congestion_algorithm_notify.c -o - | llc -march=bpf -filetype=obj -o congestion_algorithm_notify.o
[35mlogger_1             |[0m [2021-05-31 10:21:46] [INFO] <pv.binding_manager.api> post_binding : <be.michelfra.disable_cc20>
[33mbinding_generator_1  |[0m clang -I../../picoquic -fno-stack-protector -O2 -fno-gnu-inline-asm -emit-llvm -c congestion_algorithm_notify.c -o - | llc -march=bpf -filetype=obj -o congestion_algorithm_notify.o
[35mlogger_1             |[0m [2021-05-31 10:21:46] [INFO] <pv.binding_manager.api> post_binding : <be.michelfra.disable_cc21>
[33mbinding_generator_1  |[0m clang -I../../picoquic -fno-stack-protector -O2 -fno-gnu-inline-asm -emit-llvm -c congestion_algorithm_notify.c -o - | llc -march=bpf -filetype=obj -o congestion_algorithm_notify.o
[35mlogger_1             |[0m [2021-05-31 10:21:47] [INFO] <pv.binding_manager.api> post_binding : <be.michelfra.disable_cc22>
[33mbinding_generator_1  |[0m clang -I../../picoquic -fno-stack-protector -O2 -fno-gnu-inline-asm -emit-llvm -c congestion_algorithm_notify.c -o - | llc -march=bpf -filetype=obj -o congestion_algorithm_notify.o
[35mlogger_1             |[0m [2021-05-31 10:21:47] [INFO] <pv.binding_manager.api> post_binding : <be.michelfra.disable_cc23>
[33mbinding_generator_1  |[0m clang -I../../picoquic -fno-stack-protector -O2 -fno-gnu-inline-asm -emit-llvm -c congestion_algorithm_notify.c -o - | llc -march=bpf -filetype=obj -o congestion_algorithm_notify.o
[35mlogger_1             |[0m [2021-05-31 10:21:47] [INFO] <pv.binding_manager.api> post_binding : <be.michelfra.disable_cc24>
[33mbinding_generator_1  |[0m clang -I../../picoquic -fno-stack-protector -O2 -fno-gnu-inline-asm -emit-llvm -c congestion_algorithm_notify.c -o - | llc -march=bpf -filetype=obj -o congestion_algorithm_notify.o
[35mlogger_1             |[0m [2021-05-31 10:21:47] [INFO] <pv.binding_manager.api> post_binding : <be.michelfra.disable_cc25>
[33mbinding_generator_1  |[0m clang -I../../picoquic -fno-stack-protector -O2 -fno-gnu-inline-asm -emit-llvm -c congestion_algorithm_notify.c -o - | llc -march=bpf -filetype=obj -o congestion_algorithm_notify.o
[35mlogger_1             |[0m [2021-05-31 10:21:47] [INFO] <pv.binding_manager.api> post_binding : <be.michelfra.disable_cc26>
[33mbinding_generator_1  |[0m clang -I../../picoquic -fno-stack-protector -O2 -fno-gnu-inline-asm -emit-llvm -c congestion_algorithm_notify.c -o - | llc -march=bpf -filetype=obj -o congestion_algorithm_notify.o
[35mlogger_1             |[0m [2021-05-31 10:21:47] [INFO] <pv.binding_manager.api> post_binding : <be.michelfra.disable_cc27>
[33mbinding_generator_1  |[0m clang -I../../picoquic -fno-stack-protector -O2 -fno-gnu-inline-asm -emit-llvm -c congestion_algorithm_notify.c -o - | llc -march=bpf -filetype=obj -o congestion_algorithm_notify.o
[35mlogger_1             |[0m [2021-05-31 10:21:47] [INFO] <pv.binding_manager.api> post_binding : <be.michelfra.disable_cc28>
[33mbinding_generator_1  |[0m clang -I../../picoquic -fno-stack-protector -O2 -fno-gnu-inline-asm -emit-llvm -c congestion_algorithm_notify.c -o - | llc -march=bpf -filetype=obj -o congestion_algorithm_notify.o
[35mlogger_1             |[0m [2021-05-31 10:21:47] [INFO] <pv.binding_manager.api> post_binding : <be.michelfra.disable_cc29>
[33mbinding_generator_1  |[0m clang -I../../picoquic -fno-stack-protector -O2 -fno-gnu-inline-asm -emit-llvm -c congestion_algorithm_notify.c -o - | llc -march=bpf -filetype=obj -o congestion_algorithm_notify.o
[35mlogger_1             |[0m [2021-05-31 10:21:48] [INFO] <pv.binding_manager.api> post_binding : <be.michelfra.disable_cc30>
[33mbinding_generator_1  |[0m clang -I../../picoquic -fno-stack-protector -O2 -fno-gnu-inline-asm -emit-llvm -c congestion_algorithm_notify.c -o - | llc -march=bpf -filetype=obj -o congestion_algorithm_notify.o
[35mlogger_1             |[0m [2021-05-31 10:21:48] [INFO] <pv.binding_manager.api> post_binding : <be.michelfra.disable_cc31>
[34mmt_manager_1         |[0m perf_log, 16, 0.002892
[34mmt_manager_1         |[0m perf_log, 16, 0.002856
[34mmt_manager_1         |[0m perf_log, 16, 0.002858
[35mlogger_1             |[0m [2021-05-31 10:22:14] [INFO] <pv.binding_manager.api> get_binding : <P0> : <200> : <be.michelfra.disable_cc16>
[35mlogger_1             |[0m [2021-05-31 10:22:19] [INFO] <pv.binding_manager.api> add_result : from <P0> for <be.michelfra.disable_cc16> : status <200>
[35mlogger_1             |[0m [2021-05-31 10:22:19] [INFO] <pv.binding_manager.api> get_binding : <P0> : <200> : <be.michelfra.disable_cc17>
[34mmt_manager_1         |[0m perf_log, 16, 0.002956
[35mlogger_1             |[0m [2021-05-31 10:22:24] [INFO] <pv.binding_manager.api> add_result : from <P0> for <be.michelfra.disable_cc17> : status <200>
[35mlogger_1             |[0m [2021-05-31 10:22:24] [INFO] <pv.binding_manager.api> get_binding : <P0> : <200> : <be.michelfra.disable_cc18>
[35mlogger_1             |[0m [2021-05-31 10:22:30] [INFO] <pv.binding_manager.api> add_result : from <P0> for <be.michelfra.disable_cc18> : status <200>
[35mlogger_1             |[0m [2021-05-31 10:22:30] [INFO] <pv.binding_manager.api> get_binding : <P0> : <200> : <be.michelfra.disable_cc19>
[34mmt_manager_1         |[0m perf_log, 18, 0.009225
[35mlogger_1             |[0m [2021-05-31 10:22:35] [INFO] <pv.binding_manager.api> add_result : from <P0> for <be.michelfra.disable_cc19> : status <200>
[35mlogger_1             |[0m [2021-05-31 10:22:35] [INFO] <pv.binding_manager.api> get_binding : <P0> : <200> : <be.michelfra.disable_cc20>
[35mlogger_1             |[0m [2021-05-31 10:22:40] [INFO] <pv.binding_manager.api> add_result : from <P0> for <be.michelfra.disable_cc20> : status <200>
[35mlogger_1             |[0m [2021-05-31 10:22:40] [INFO] <pv.binding_manager.api> get_binding : <P0> : <200> : <be.michelfra.disable_cc21>
[34mmt_manager_1         |[0m perf_log, 21, 0.002770
[35mlogger_1             |[0m [2021-05-31 10:22:45] [INFO] <pv.binding_manager.api> add_result : from <P0> for <be.michelfra.disable_cc21> : status <200>
[35mlogger_1             |[0m [2021-05-31 10:22:45] [INFO] <pv.binding_manager.api> get_binding : <P0> : <200> : <be.michelfra.disable_cc22>
[35mlogger_1             |[0m [2021-05-31 10:22:50] [INFO] <pv.binding_manager.api> add_result : from <P0> for <be.michelfra.disable_cc22> : status <200>
[35mlogger_1             |[0m [2021-05-31 10:22:50] [INFO] <pv.binding_manager.api> get_binding : <P0> : <200> : <be.michelfra.disable_cc23>
[34mmt_manager_1         |[0m perf_log, 23, 0.003696
[35mlogger_1             |[0m [2021-05-31 10:22:55] [INFO] <pv.binding_manager.api> add_result : from <P0> for <be.michelfra.disable_cc23> : status <200>
[35mlogger_1             |[0m [2021-05-31 10:22:55] [INFO] <pv.binding_manager.api> get_binding : <P0> : <200> : <be.michelfra.disable_cc24>
[35mlogger_1             |[0m [2021-05-31 10:23:00] [INFO] <pv.binding_manager.api> add_result : from <P0> for <be.michelfra.disable_cc24> : status <200>
[35mlogger_1             |[0m [2021-05-31 10:23:00] [INFO] <pv.binding_manager.api> get_binding : <P0> : <200> : <be.michelfra.disable_cc25>
[34mmt_manager_1         |[0m perf_log, 25, 0.004036
[35mlogger_1             |[0m [2021-05-31 10:23:05] [INFO] <pv.binding_manager.api> add_result : from <P0> for <be.michelfra.disable_cc25> : status <200>
[35mlogger_1             |[0m [2021-05-31 10:23:05] [INFO] <pv.binding_manager.api> get_binding : <P0> : <200> : <be.michelfra.disable_cc26>
[35mlogger_1             |[0m [2021-05-31 10:23:10] [INFO] <pv.binding_manager.api> add_result : from <P0> for <be.michelfra.disable_cc26> : status <200>
[35mlogger_1             |[0m [2021-05-31 10:23:10] [INFO] <pv.binding_manager.api> get_binding : <P0> : <200> : <be.michelfra.disable_cc27>
[34mmt_manager_1         |[0m perf_log, 27, 0.004190
[35mlogger_1             |[0m [2021-05-31 10:23:15] [INFO] <pv.binding_manager.api> add_result : from <P0> for <be.michelfra.disable_cc27> : status <200>
[35mlogger_1             |[0m [2021-05-31 10:23:15] [INFO] <pv.binding_manager.api> get_binding : <P0> : <200> : <be.michelfra.disable_cc28>
[35mlogger_1             |[0m [2021-05-31 10:23:20] [INFO] <pv.binding_manager.api> add_result : from <P0> for <be.michelfra.disable_cc28> : status <200>
[35mlogger_1             |[0m [2021-05-31 10:23:20] [INFO] <pv.binding_manager.api> get_binding : <P0> : <200> : <be.michelfra.disable_cc29>
[34mmt_manager_1         |[0m perf_log, 29, 0.004481
[35mlogger_1             |[0m [2021-05-31 10:23:25] [INFO] <pv.binding_manager.api> add_result : from <P0> for <be.michelfra.disable_cc29> : status <200>
[35mlogger_1             |[0m [2021-05-31 10:23:25] [INFO] <pv.binding_manager.api> get_binding : <P0> : <200> : <be.michelfra.disable_cc30>
[35mlogger_1             |[0m [2021-05-31 10:23:30] [INFO] <pv.binding_manager.api> add_result : from <P0> for <be.michelfra.disable_cc30> : status <200>
[35mlogger_1             |[0m [2021-05-31 10:23:30] [INFO] <pv.binding_manager.api> get_binding : <P0> : <200> : <be.michelfra.disable_cc31>
[34mmt_manager_1         |[0m perf_log, 31, 0.004629
[35mlogger_1             |[0m [2021-05-31 10:23:35] [INFO] <pv.binding_manager.api> add_result : from <P0> for <be.michelfra.disable_cc31> : status <200>
[34mmt_manager_1         |[0m perf_log, 32, 0.004846
[34mmt_manager_1         |[0m perf_log, 32, 0.004581
[34mmt_manager_1         |[0m perf_log, 32, 0.004863
[34mmt_manager_1         |[0m perf_log, 32, 0.004953
[34mmt_manager_1         |[0m perf_log, 32, 0.004818
[34mmt_manager_1         |[0m perf_log, 32, 0.004938
[34mmt_manager_1         |[0m perf_log, 32, 0.004880
[34mmt_manager_1         |[0m perf_log, 32, 0.004846
[34mmt_manager_1         |[0m perf_log, 32, 0.004896
[34mmt_manager_1         |[0m perf_log, 32, 0.004749
[34mmt_manager_1         |[0m perf_log, 32, 0.004697
[34mmt_manager_1         |[0m perf_log, 32, 0.004716
[34mmt_manager_1         |[0m perf_log, 32, 0.005121
[34mmt_manager_1         |[0m perf_log, 32, 0.004562
[34mmt_manager_1         |[0m perf_log, 32, 0.004938
[34mmt_manager_1         |[0m perf_log, 32, 0.004905
[34mmt_manager_1         |[0m perf_log, 32, 0.004764
[34mmt_manager_1         |[0m perf_log, 32, 0.004802
[34mmt_manager_1         |[0m perf_log, 32, 0.004900
[34mmt_manager_1         |[0m perf_log, 32, 0.004757
[34mmt_manager_1         |[0m perf_log, 32, 0.004792
[34mmt_manager_1         |[0m perf_log, 32, 0.004781
[34mmt_manager_1         |[0m perf_log, 32, 0.001858
[34mmt_manager_1         |[0m perf_log, 32, 0.001746
Stopping root_user_gateway_1      ... 
Stopping root_mt_manager_1        ... 
Stopping root_P0_1                ... 
Stopping root_pr_gateway_1        ... 
Stopping root_binding_manager_1   ... 
Stopping root_binding_generator_1 ... 
Stopping root_logger_1            ... 
Stopping root_user_gateway_1      ... done
Stopping root_pr_gateway_1        ... done
Stopping root_P0_1                ... done
Stopping root_mt_manager_1        ... done
Stopping root_binding_manager_1   ... done
Stopping root_binding_generator_1 ... done
Stopping root_logger_1            ... done
Gracefully stopping... (press Ctrl+C again to force)
