Building with native build. Learn about native build in Compose here: https://docs.docker.com/go/compose-native-build/
Starting root_logger_1 ... 
Starting root_logger_1 ... done
Starting root_binding_generator_1 ... 
Starting root_binding_generator_1 ... done
Starting root_binding_manager_1   ... 
Starting root_binding_manager_1   ... done
Recreating root_mt_manager_1      ... 
Starting root_P0_1                ... 
Starting root_pr_gateway_1        ... 
Starting root_pr_gateway_1        ... done
Recreating root_mt_manager_1      ... done
Recreating root_user_gateway_1    ... 
Starting root_P0_1                ... done
Recreating root_user_gateway_1    ... done
Attaching to root_logger_1, root_binding_generator_1, root_binding_manager_1, root_pr_gateway_1, root_mt_manager_1, root_P0_1, root_user_gateway_1
[33mbinding_generator_1  |[0m [2021-05-31 08:38:08 +0000] [1] [INFO] Starting gunicorn 20.0.4
[33mbinding_generator_1  |[0m [2021-05-31 08:38:08 +0000] [1] [INFO] Listening at: http://0.0.0.0:80 (1)
[33mbinding_generator_1  |[0m [2021-05-31 08:38:08 +0000] [1] [INFO] Using worker: sync
[33mbinding_generator_1  |[0m [2021-05-31 08:38:08 +0000] [8] [INFO] Booting worker with pid: 8
[35mlogger_1             |[0m [2021-05-31 08:38:07 +0000] [1] [INFO] Starting gunicorn 20.0.4
[35mlogger_1             |[0m [2021-05-31 08:38:07 +0000] [1] [INFO] Listening at: http://0.0.0.0:80 (1)
[35mlogger_1             |[0m [2021-05-31 08:38:07 +0000] [1] [INFO] Using worker: sync
[35mlogger_1             |[0m [2021-05-31 08:38:07 +0000] [8] [INFO] Booting worker with pid: 8
[32mbinding_manager_1    |[0m [2021-05-31 08:38:09 +0000] [1] [INFO] Starting gunicorn 20.0.4
[34mmt_manager_1         |[0m [2021-05-31 08:38:11 +0000] [1] [INFO] Starting gunicorn 20.0.4
[34mmt_manager_1         |[0m [2021-05-31 08:38:11 +0000] [1] [INFO] Listening at: http://0.0.0.0:80 (1)
[34mmt_manager_1         |[0m [2021-05-31 08:38:11 +0000] [1] [INFO] Using worker: sync
[34mmt_manager_1         |[0m [2021-05-31 08:38:11 +0000] [9] [INFO] Booting worker with pid: 9
[32mbinding_manager_1    |[0m [2021-05-31 08:38:09 +0000] [1] [INFO] Listening at: http://0.0.0.0:80 (1)
[32mbinding_manager_1    |[0m [2021-05-31 08:38:09 +0000] [1] [INFO] Using worker: sync
[32mbinding_manager_1    |[0m [2021-05-31 08:38:09 +0000] [8] [INFO] Booting worker with pid: 8
[36;1mpr_gateway_1         |[0m [2021-05-31 08:38:11 +0000] [1] [INFO] Starting gunicorn 20.0.4
[36;1mpr_gateway_1         |[0m [2021-05-31 08:38:11 +0000] [1] [INFO] Listening at: http://0.0.0.0:80 (1)
[36;1mpr_gateway_1         |[0m [2021-05-31 08:38:11 +0000] [1] [INFO] Using worker: sync
[36;1mpr_gateway_1         |[0m [2021-05-31 08:38:11 +0000] [9] [INFO] Booting worker with pid: 9
[36;1mpr_gateway_1         |[0m Connected with result code 0
[33;1muser_gateway_1       |[0m [2021-05-31 08:38:12 +0000] [1] [INFO] Starting gunicorn 20.0.4
[33;1muser_gateway_1       |[0m [2021-05-31 08:38:12 +0000] [1] [INFO] Listening at: http://0.0.0.0:80 (1)
[33;1muser_gateway_1       |[0m [2021-05-31 08:38:12 +0000] [1] [INFO] Using worker: sync
[33;1muser_gateway_1       |[0m [2021-05-31 08:38:12 +0000] [8] [INFO] Booting worker with pid: 8
[36;1mpr_gateway_1         |[0m /all b'be.michelfra.disable_cc00'
[33mbinding_generator_1  |[0m clang -I../../picoquic -fno-stack-protector -O2 -fno-gnu-inline-asm -emit-llvm -c congestion_algorithm_notify.c -o - | llc -march=bpf -filetype=obj -o congestion_algorithm_notify.o
[35mlogger_1             |[0m [2021-05-31 08:38:22] [INFO] <pv.binding_manager.api> post_binding : <be.michelfra.disable_cc00>
[35mlogger_1             |[0m [2021-05-31 08:38:41] [INFO] <pv.binding_manager.api> get_binding : <P0> : <200> : <be.michelfra.disable_cc00>
[35mlogger_1             |[0m [2021-05-31 08:38:46] [INFO] <pv.binding_manager.api> add_result : from <P0> for <be.michelfra.disable_cc00> : status <200>
[34mmt_manager_1         |[0m perf_log, 1, 0.002174
[34mmt_manager_1         |[0m perf_log, 1, 0.002097
[34mmt_manager_1         |[0m perf_log, 1, 0.002060
[34mmt_manager_1         |[0m perf_log, 1, 0.002065
[34mmt_manager_1         |[0m perf_log, 1, 0.002123
[34mmt_manager_1         |[0m perf_log, 1, 0.002029
[34mmt_manager_1         |[0m perf_log, 1, 0.002080
[34mmt_manager_1         |[0m perf_log, 1, 0.002143
[34mmt_manager_1         |[0m perf_log, 1, 0.002009
[34mmt_manager_1         |[0m perf_log, 1, 0.002008
[34mmt_manager_1         |[0m perf_log, 1, 0.002210
[34mmt_manager_1         |[0m perf_log, 1, 0.002087
[34mmt_manager_1         |[0m perf_log, 1, 0.002042
[34mmt_manager_1         |[0m perf_log, 1, 0.002314
[34mmt_manager_1         |[0m perf_log, 1, 0.002114
[36;1mpr_gateway_1         |[0m /all b'be.michelfra.disable_cc01'
[33mbinding_generator_1  |[0m clang -I../../picoquic -fno-stack-protector -O2 -fno-gnu-inline-asm -emit-llvm -c congestion_algorithm_notify.c -o - | llc -march=bpf -filetype=obj -o congestion_algorithm_notify.o
[35mlogger_1             |[0m [2021-05-31 08:41:22] [INFO] <pv.binding_manager.api> post_binding : <be.michelfra.disable_cc01>
[34mmt_manager_1         |[0m perf_log, 1, 0.002051
[34mmt_manager_1         |[0m perf_log, 1, 0.002011
[34mmt_manager_1         |[0m perf_log, 1, 0.002313
[35mlogger_1             |[0m [2021-05-31 08:41:46] [INFO] <pv.binding_manager.api> get_binding : <P0> : <200> : <be.michelfra.disable_cc01>
[35mlogger_1             |[0m [2021-05-31 08:41:51] [INFO] <pv.binding_manager.api> add_result : from <P0> for <be.michelfra.disable_cc01> : status <200>
[34mmt_manager_1         |[0m perf_log, 2, 0.000867
[34mmt_manager_1         |[0m perf_log, 2, 0.002203
[34mmt_manager_1         |[0m perf_log, 2, 0.002167
[34mmt_manager_1         |[0m perf_log, 2, 0.002116
[34mmt_manager_1         |[0m perf_log, 2, 0.002111
[34mmt_manager_1         |[0m perf_log, 2, 0.002142
[34mmt_manager_1         |[0m perf_log, 2, 0.002199
[34mmt_manager_1         |[0m perf_log, 2, 0.002157
[34mmt_manager_1         |[0m perf_log, 2, 0.002158
[34mmt_manager_1         |[0m perf_log, 2, 0.002152
[34mmt_manager_1         |[0m perf_log, 2, 0.002236
[34mmt_manager_1         |[0m perf_log, 2, 0.002112
[34mmt_manager_1         |[0m perf_log, 2, 0.002225
[34mmt_manager_1         |[0m perf_log, 2, 0.002233
[34mmt_manager_1         |[0m perf_log, 2, 0.002158
[36;1mpr_gateway_1         |[0m /all b'be.michelfra.disable_cc02'
[36;1mpr_gateway_1         |[0m /all b'be.michelfra.disable_cc03'
[33mbinding_generator_1  |[0m clang -I../../picoquic -fno-stack-protector -O2 -fno-gnu-inline-asm -emit-llvm -c congestion_algorithm_notify.c -o - | llc -march=bpf -filetype=obj -o congestion_algorithm_notify.o
[35mlogger_1             |[0m [2021-05-31 08:44:22] [INFO] <pv.binding_manager.api> post_binding : <be.michelfra.disable_cc02>
[33mbinding_generator_1  |[0m clang -I../../picoquic -fno-stack-protector -O2 -fno-gnu-inline-asm -emit-llvm -c congestion_algorithm_notify.c -o - | llc -march=bpf -filetype=obj -o congestion_algorithm_notify.o
[35mlogger_1             |[0m [2021-05-31 08:44:22] [INFO] <pv.binding_manager.api> post_binding : <be.michelfra.disable_cc03>
[34mmt_manager_1         |[0m perf_log, 2, 0.000771
[34mmt_manager_1         |[0m perf_log, 2, 0.002164
[34mmt_manager_1         |[0m perf_log, 2, 0.002109
[35mlogger_1             |[0m [2021-05-31 08:44:52] [INFO] <pv.binding_manager.api> get_binding : <P0> : <200> : <be.michelfra.disable_cc02>
[34mmt_manager_1         |[0m perf_log, 2, 0.002141
[35mlogger_1             |[0m [2021-05-31 08:44:57] [INFO] <pv.binding_manager.api> add_result : from <P0> for <be.michelfra.disable_cc02> : status <200>
[35mlogger_1             |[0m [2021-05-31 08:44:57] [INFO] <pv.binding_manager.api> get_binding : <P0> : <200> : <be.michelfra.disable_cc03>
[35mlogger_1             |[0m [2021-05-31 08:45:02] [INFO] <pv.binding_manager.api> add_result : from <P0> for <be.michelfra.disable_cc03> : status <200>
[34mmt_manager_1         |[0m perf_log, 4, 0.002383
[34mmt_manager_1         |[0m perf_log, 4, 0.002345
[34mmt_manager_1         |[0m perf_log, 4, 0.001098
[34mmt_manager_1         |[0m perf_log, 4, 0.002382
[34mmt_manager_1         |[0m perf_log, 4, 0.002387
[34mmt_manager_1         |[0m perf_log, 4, 0.002359
[34mmt_manager_1         |[0m perf_log, 4, 0.002448
[34mmt_manager_1         |[0m perf_log, 4, 0.002395
[34mmt_manager_1         |[0m perf_log, 4, 0.002352
[34mmt_manager_1         |[0m perf_log, 4, 0.002386
[34mmt_manager_1         |[0m perf_log, 4, 0.002395
[34mmt_manager_1         |[0m perf_log, 4, 0.002389
[34mmt_manager_1         |[0m perf_log, 4, 0.002356
[34mmt_manager_1         |[0m perf_log, 4, 0.002355
[36;1mpr_gateway_1         |[0m /all b'be.michelfra.disable_cc04'
[36;1mpr_gateway_1         |[0m /all b'be.michelfra.disable_cc05'
[36;1mpr_gateway_1         |[0m /all b'be.michelfra.disable_cc06'
[36;1mpr_gateway_1         |[0m /all b'be.michelfra.disable_cc07'
[33mbinding_generator_1  |[0m clang -I../../picoquic -fno-stack-protector -O2 -fno-gnu-inline-asm -emit-llvm -c congestion_algorithm_notify.c -o - | llc -march=bpf -filetype=obj -o congestion_algorithm_notify.o
[35mlogger_1             |[0m [2021-05-31 08:47:22] [INFO] <pv.binding_manager.api> post_binding : <be.michelfra.disable_cc04>
[33mbinding_generator_1  |[0m clang -I../../picoquic -fno-stack-protector -O2 -fno-gnu-inline-asm -emit-llvm -c congestion_algorithm_notify.c -o - | llc -march=bpf -filetype=obj -o congestion_algorithm_notify.o
[35mlogger_1             |[0m [2021-05-31 08:47:22] [INFO] <pv.binding_manager.api> post_binding : <be.michelfra.disable_cc05>
[33mbinding_generator_1  |[0m clang -I../../picoquic -fno-stack-protector -O2 -fno-gnu-inline-asm -emit-llvm -c congestion_algorithm_notify.c -o - | llc -march=bpf -filetype=obj -o congestion_algorithm_notify.o
[35mlogger_1             |[0m [2021-05-31 08:47:22] [INFO] <pv.binding_manager.api> post_binding : <be.michelfra.disable_cc06>
[33mbinding_generator_1  |[0m clang -I../../picoquic -fno-stack-protector -O2 -fno-gnu-inline-asm -emit-llvm -c congestion_algorithm_notify.c -o - | llc -march=bpf -filetype=obj -o congestion_algorithm_notify.o
[35mlogger_1             |[0m [2021-05-31 08:47:23] [INFO] <pv.binding_manager.api> post_binding : <be.michelfra.disable_cc07>
[34mmt_manager_1         |[0m perf_log, 4, 0.000875
[35mlogger_1             |[0m [2021-05-31 08:47:32] [INFO] <pv.binding_manager.api> get_binding : <P0> : <200> : <be.michelfra.disable_cc04>
[35mlogger_1             |[0m [2021-05-31 08:47:37] [INFO] <pv.binding_manager.api> add_result : from <P0> for <be.michelfra.disable_cc04> : status <200>
[35mlogger_1             |[0m [2021-05-31 08:47:37] [INFO] <pv.binding_manager.api> get_binding : <P0> : <200> : <be.michelfra.disable_cc05>
[34mmt_manager_1         |[0m perf_log, 5, 0.002491
[35mlogger_1             |[0m [2021-05-31 08:47:42] [INFO] <pv.binding_manager.api> add_result : from <P0> for <be.michelfra.disable_cc05> : status <200>
[35mlogger_1             |[0m [2021-05-31 08:47:42] [INFO] <pv.binding_manager.api> get_binding : <P0> : <200> : <be.michelfra.disable_cc06>
[35mlogger_1             |[0m [2021-05-31 08:47:47] [INFO] <pv.binding_manager.api> add_result : from <P0> for <be.michelfra.disable_cc06> : status <200>
[35mlogger_1             |[0m [2021-05-31 08:47:47] [INFO] <pv.binding_manager.api> get_binding : <P0> : <200> : <be.michelfra.disable_cc07>
[34mmt_manager_1         |[0m perf_log, 7, 0.002794
[35mlogger_1             |[0m [2021-05-31 08:47:52] [INFO] <pv.binding_manager.api> add_result : from <P0> for <be.michelfra.disable_cc07> : status <200>
[34mmt_manager_1         |[0m perf_log, 8, 0.002847
[34mmt_manager_1         |[0m perf_log, 8, 0.002905
[34mmt_manager_1         |[0m perf_log, 8, 0.002850
[34mmt_manager_1         |[0m perf_log, 8, 0.002866
[34mmt_manager_1         |[0m perf_log, 8, 0.002849
[34mmt_manager_1         |[0m perf_log, 8, 0.002913
[34mmt_manager_1         |[0m perf_log, 8, 0.004533
[34mmt_manager_1         |[0m perf_log, 8, 0.002852
[34mmt_manager_1         |[0m perf_log, 8, 0.002848
[34mmt_manager_1         |[0m perf_log, 8, 0.002953
[34mmt_manager_1         |[0m perf_log, 8, 0.002848
[34mmt_manager_1         |[0m perf_log, 8, 0.002814
[34mmt_manager_1         |[0m perf_log, 8, 0.002867
[34mmt_manager_1         |[0m perf_log, 8, 0.002862
[34mmt_manager_1         |[0m perf_log, 8, 0.002910
[36;1mpr_gateway_1         |[0m /all b'be.michelfra.disable_cc08'
[36;1mpr_gateway_1         |[0m /all b'be.michelfra.disable_cc09'
[36;1mpr_gateway_1         |[0m /all b'be.michelfra.disable_cc10'
[36;1mpr_gateway_1         |[0m /all b'be.michelfra.disable_cc11'
[36;1mpr_gateway_1         |[0m /all b'be.michelfra.disable_cc12'
[36;1mpr_gateway_1         |[0m /all b'be.michelfra.disable_cc13'
[36;1mpr_gateway_1         |[0m /all b'be.michelfra.disable_cc14'
[36;1mpr_gateway_1         |[0m /all b'be.michelfra.disable_cc15'
[33mbinding_generator_1  |[0m clang -I../../picoquic -fno-stack-protector -O2 -fno-gnu-inline-asm -emit-llvm -c congestion_algorithm_notify.c -o - | llc -march=bpf -filetype=obj -o congestion_algorithm_notify.o
[35mlogger_1             |[0m [2021-05-31 08:50:22] [INFO] <pv.binding_manager.api> post_binding : <be.michelfra.disable_cc08>
[33mbinding_generator_1  |[0m clang -I../../picoquic -fno-stack-protector -O2 -fno-gnu-inline-asm -emit-llvm -c congestion_algorithm_notify.c -o - | llc -march=bpf -filetype=obj -o congestion_algorithm_notify.o
[35mlogger_1             |[0m [2021-05-31 08:50:22] [INFO] <pv.binding_manager.api> post_binding : <be.michelfra.disable_cc09>
[33mbinding_generator_1  |[0m clang -I../../picoquic -fno-stack-protector -O2 -fno-gnu-inline-asm -emit-llvm -c congestion_algorithm_notify.c -o - | llc -march=bpf -filetype=obj -o congestion_algorithm_notify.o
[35mlogger_1             |[0m [2021-05-31 08:50:22] [INFO] <pv.binding_manager.api> post_binding : <be.michelfra.disable_cc13>
[35mlogger_1             |[0m [2021-05-31 08:50:22] [INFO] <pv.binding_manager.api> get_binding : <P0> : <200> : <be.michelfra.disable_cc08>
[33mbinding_generator_1  |[0m clang -I../../picoquic -fno-stack-protector -O2 -fno-gnu-inline-asm -emit-llvm -c congestion_algorithm_notify.c -o - | llc -march=bpf -filetype=obj -o congestion_algorithm_notify.o
[35mlogger_1             |[0m [2021-05-31 08:50:23] [INFO] <pv.binding_manager.api> post_binding : <be.michelfra.disable_cc10>
[33mbinding_generator_1  |[0m clang -I../../picoquic -fno-stack-protector -O2 -fno-gnu-inline-asm -emit-llvm -c congestion_algorithm_notify.c -o - | llc -march=bpf -filetype=obj -o congestion_algorithm_notify.o
[35mlogger_1             |[0m [2021-05-31 08:50:23] [INFO] <pv.binding_manager.api> post_binding : <be.michelfra.disable_cc11>
[33mbinding_generator_1  |[0m clang -I../../picoquic -fno-stack-protector -O2 -fno-gnu-inline-asm -emit-llvm -c congestion_algorithm_notify.c -o - | llc -march=bpf -filetype=obj -o congestion_algorithm_notify.o
[35mlogger_1             |[0m [2021-05-31 08:50:23] [INFO] <pv.binding_manager.api> post_binding : <be.michelfra.disable_cc12>
[33mbinding_generator_1  |[0m clang -I../../picoquic -fno-stack-protector -O2 -fno-gnu-inline-asm -emit-llvm -c congestion_algorithm_notify.c -o - | llc -march=bpf -filetype=obj -o congestion_algorithm_notify.o
[35mlogger_1             |[0m [2021-05-31 08:50:23] [INFO] <pv.binding_manager.api> post_binding : <be.michelfra.disable_cc14>
[33mbinding_generator_1  |[0m clang -I../../picoquic -fno-stack-protector -O2 -fno-gnu-inline-asm -emit-llvm -c congestion_algorithm_notify.c -o - | llc -march=bpf -filetype=obj -o congestion_algorithm_notify.o
[35mlogger_1             |[0m [2021-05-31 08:50:23] [INFO] <pv.binding_manager.api> post_binding : <be.michelfra.disable_cc15>
[35mlogger_1             |[0m [2021-05-31 08:50:27] [INFO] <pv.binding_manager.api> add_result : from <P0> for <be.michelfra.disable_cc08> : status <200>
[35mlogger_1             |[0m [2021-05-31 08:50:27] [INFO] <pv.binding_manager.api> get_binding : <P0> : <200> : <be.michelfra.disable_cc09>
[34mmt_manager_1         |[0m perf_log, 9, 0.002979
[35mlogger_1             |[0m [2021-05-31 08:50:33] [INFO] <pv.binding_manager.api> add_result : from <P0> for <be.michelfra.disable_cc09> : status <200>
[35mlogger_1             |[0m [2021-05-31 08:50:33] [INFO] <pv.binding_manager.api> get_binding : <P0> : <200> : <be.michelfra.disable_cc13>
[35mlogger_1             |[0m [2021-05-31 08:50:38] [INFO] <pv.binding_manager.api> add_result : from <P0> for <be.michelfra.disable_cc13> : status <200>
[35mlogger_1             |[0m [2021-05-31 08:50:38] [INFO] <pv.binding_manager.api> get_binding : <P0> : <200> : <be.michelfra.disable_cc10>
[34mmt_manager_1         |[0m perf_log, 11, 0.003172
[35mlogger_1             |[0m [2021-05-31 08:50:43] [INFO] <pv.binding_manager.api> add_result : from <P0> for <be.michelfra.disable_cc10> : status <200>
[35mlogger_1             |[0m [2021-05-31 08:50:43] [INFO] <pv.binding_manager.api> get_binding : <P0> : <200> : <be.michelfra.disable_cc11>
[35mlogger_1             |[0m [2021-05-31 08:50:48] [INFO] <pv.binding_manager.api> add_result : from <P0> for <be.michelfra.disable_cc11> : status <200>
[35mlogger_1             |[0m [2021-05-31 08:50:48] [INFO] <pv.binding_manager.api> get_binding : <P0> : <200> : <be.michelfra.disable_cc12>
[34mmt_manager_1         |[0m perf_log, 13, 0.003405
[35mlogger_1             |[0m [2021-05-31 08:50:53] [INFO] <pv.binding_manager.api> add_result : from <P0> for <be.michelfra.disable_cc12> : status <200>
[35mlogger_1             |[0m [2021-05-31 08:50:53] [INFO] <pv.binding_manager.api> get_binding : <P0> : <200> : <be.michelfra.disable_cc14>
[35mlogger_1             |[0m [2021-05-31 08:50:58] [INFO] <pv.binding_manager.api> add_result : from <P0> for <be.michelfra.disable_cc14> : status <200>
[35mlogger_1             |[0m [2021-05-31 08:50:58] [INFO] <pv.binding_manager.api> get_binding : <P0> : <200> : <be.michelfra.disable_cc15>
[34mmt_manager_1         |[0m perf_log, 15, 0.003740
[35mlogger_1             |[0m [2021-05-31 08:51:03] [INFO] <pv.binding_manager.api> add_result : from <P0> for <be.michelfra.disable_cc15> : status <200>
[34mmt_manager_1         |[0m perf_log, 16, 0.003898
[34mmt_manager_1         |[0m perf_log, 16, 0.003813
[34mmt_manager_1         |[0m perf_log, 16, 0.003867
[34mmt_manager_1         |[0m perf_log, 16, 0.003883
[34mmt_manager_1         |[0m perf_log, 16, 0.003799
[34mmt_manager_1         |[0m perf_log, 16, 0.003800
[34mmt_manager_1         |[0m perf_log, 16, 0.003812
[34mmt_manager_1         |[0m perf_log, 16, 0.003872
[34mmt_manager_1         |[0m perf_log, 16, 0.003856
[34mmt_manager_1         |[0m perf_log, 16, 0.003806
[34mmt_manager_1         |[0m perf_log, 16, 0.003785
[34mmt_manager_1         |[0m perf_log, 16, 0.003940
[34mmt_manager_1         |[0m perf_log, 16, 0.003767
[36;1mpr_gateway_1         |[0m /all b'be.michelfra.disable_cc16'
[36;1mpr_gateway_1         |[0m /all b'be.michelfra.disable_cc17'
[36;1mpr_gateway_1         |[0m /all b'be.michelfra.disable_cc18'
[36;1mpr_gateway_1         |[0m /all b'be.michelfra.disable_cc19'
[36;1mpr_gateway_1         |[0m /all b'be.michelfra.disable_cc20'
[36;1mpr_gateway_1         |[0m /all b'be.michelfra.disable_cc21'
[36;1mpr_gateway_1         |[0m /all b'be.michelfra.disable_cc22'
[36;1mpr_gateway_1         |[0m /all b'be.michelfra.disable_cc23'
[36;1mpr_gateway_1         |[0m /all b'be.michelfra.disable_cc24'
[36;1mpr_gateway_1         |[0m /all b'be.michelfra.disable_cc25'
[36;1mpr_gateway_1         |[0m /all b'be.michelfra.disable_cc26'
[36;1mpr_gateway_1         |[0m /all b'be.michelfra.disable_cc27'
[36;1mpr_gateway_1         |[0m /all b'be.michelfra.disable_cc28'
[36;1mpr_gateway_1         |[0m /all b'be.michelfra.disable_cc29'
[36;1mpr_gateway_1         |[0m /all b'be.michelfra.disable_cc30'
[36;1mpr_gateway_1         |[0m /all b'be.michelfra.disable_cc31'
[33mbinding_generator_1  |[0m clang -I../../picoquic -fno-stack-protector -O2 -fno-gnu-inline-asm -emit-llvm -c congestion_algorithm_notify.c -o - | llc -march=bpf -filetype=obj -o congestion_algorithm_notify.o
[35mlogger_1             |[0m [2021-05-31 08:53:22] [INFO] <pv.binding_manager.api> post_binding : <be.michelfra.disable_cc17>
[33mbinding_generator_1  |[0m clang -I../../picoquic -fno-stack-protector -O2 -fno-gnu-inline-asm -emit-llvm -c congestion_algorithm_notify.c -o - | llc -march=bpf -filetype=obj -o congestion_algorithm_notify.o
[35mlogger_1             |[0m [2021-05-31 08:53:22] [INFO] <pv.binding_manager.api> post_binding : <be.michelfra.disable_cc16>
[33mbinding_generator_1  |[0m clang -I../../picoquic -fno-stack-protector -O2 -fno-gnu-inline-asm -emit-llvm -c congestion_algorithm_notify.c -o - | llc -march=bpf -filetype=obj -o congestion_algorithm_notify.o
[35mlogger_1             |[0m [2021-05-31 08:53:23] [INFO] <pv.binding_manager.api> post_binding : <be.michelfra.disable_cc18>
[33mbinding_generator_1  |[0m clang -I../../picoquic -fno-stack-protector -O2 -fno-gnu-inline-asm -emit-llvm -c congestion_algorithm_notify.c -o - | llc -march=bpf -filetype=obj -o congestion_algorithm_notify.o
[35mlogger_1             |[0m [2021-05-31 08:53:23] [INFO] <pv.binding_manager.api> post_binding : <be.michelfra.disable_cc19>
[33mbinding_generator_1  |[0m clang -I../../picoquic -fno-stack-protector -O2 -fno-gnu-inline-asm -emit-llvm -c congestion_algorithm_notify.c -o - | llc -march=bpf -filetype=obj -o congestion_algorithm_notify.o
[35mlogger_1             |[0m [2021-05-31 08:53:23] [INFO] <pv.binding_manager.api> post_binding : <be.michelfra.disable_cc20>
[33mbinding_generator_1  |[0m clang -I../../picoquic -fno-stack-protector -O2 -fno-gnu-inline-asm -emit-llvm -c congestion_algorithm_notify.c -o - | llc -march=bpf -filetype=obj -o congestion_algorithm_notify.o
[35mlogger_1             |[0m [2021-05-31 08:53:23] [INFO] <pv.binding_manager.api> post_binding : <be.michelfra.disable_cc22>
[33mbinding_generator_1  |[0m clang -I../../picoquic -fno-stack-protector -O2 -fno-gnu-inline-asm -emit-llvm -c congestion_algorithm_notify.c -o - | llc -march=bpf -filetype=obj -o congestion_algorithm_notify.o
[35mlogger_1             |[0m [2021-05-31 08:53:23] [INFO] <pv.binding_manager.api> post_binding : <be.michelfra.disable_cc21>
[33mbinding_generator_1  |[0m clang -I../../picoquic -fno-stack-protector -O2 -fno-gnu-inline-asm -emit-llvm -c congestion_algorithm_notify.c -o - | llc -march=bpf -filetype=obj -o congestion_algorithm_notify.o
[35mlogger_1             |[0m [2021-05-31 08:53:23] [INFO] <pv.binding_manager.api> post_binding : <be.michelfra.disable_cc24>
[33mbinding_generator_1  |[0m clang -I../../picoquic -fno-stack-protector -O2 -fno-gnu-inline-asm -emit-llvm -c congestion_algorithm_notify.c -o - | llc -march=bpf -filetype=obj -o congestion_algorithm_notify.o
[35mlogger_1             |[0m [2021-05-31 08:53:23] [INFO] <pv.binding_manager.api> post_binding : <be.michelfra.disable_cc23>
[33mbinding_generator_1  |[0m clang -I../../picoquic -fno-stack-protector -O2 -fno-gnu-inline-asm -emit-llvm -c congestion_algorithm_notify.c -o - | llc -march=bpf -filetype=obj -o congestion_algorithm_notify.o
[35mlogger_1             |[0m [2021-05-31 08:53:23] [INFO] <pv.binding_manager.api> post_binding : <be.michelfra.disable_cc25>
[33mbinding_generator_1  |[0m clang -I../../picoquic -fno-stack-protector -O2 -fno-gnu-inline-asm -emit-llvm -c congestion_algorithm_notify.c -o - | llc -march=bpf -filetype=obj -o congestion_algorithm_notify.o
[35mlogger_1             |[0m [2021-05-31 08:53:24] [INFO] <pv.binding_manager.api> post_binding : <be.michelfra.disable_cc27>
[33mbinding_generator_1  |[0m clang -I../../picoquic -fno-stack-protector -O2 -fno-gnu-inline-asm -emit-llvm -c congestion_algorithm_notify.c -o - | llc -march=bpf -filetype=obj -o congestion_algorithm_notify.o
[35mlogger_1             |[0m [2021-05-31 08:53:24] [INFO] <pv.binding_manager.api> post_binding : <be.michelfra.disable_cc26>
[33mbinding_generator_1  |[0m clang -I../../picoquic -fno-stack-protector -O2 -fno-gnu-inline-asm -emit-llvm -c congestion_algorithm_notify.c -o - | llc -march=bpf -filetype=obj -o congestion_algorithm_notify.o
[35mlogger_1             |[0m [2021-05-31 08:53:24] [INFO] <pv.binding_manager.api> post_binding : <be.michelfra.disable_cc28>
[33mbinding_generator_1  |[0m clang -I../../picoquic -fno-stack-protector -O2 -fno-gnu-inline-asm -emit-llvm -c congestion_algorithm_notify.c -o - | llc -march=bpf -filetype=obj -o congestion_algorithm_notify.o
[35mlogger_1             |[0m [2021-05-31 08:53:24] [INFO] <pv.binding_manager.api> post_binding : <be.michelfra.disable_cc30>
[33mbinding_generator_1  |[0m clang -I../../picoquic -fno-stack-protector -O2 -fno-gnu-inline-asm -emit-llvm -c congestion_algorithm_notify.c -o - | llc -march=bpf -filetype=obj -o congestion_algorithm_notify.o
[35mlogger_1             |[0m [2021-05-31 08:53:24] [INFO] <pv.binding_manager.api> post_binding : <be.michelfra.disable_cc31>
[33mbinding_generator_1  |[0m clang -I../../picoquic -fno-stack-protector -O2 -fno-gnu-inline-asm -emit-llvm -c congestion_algorithm_notify.c -o - | llc -march=bpf -filetype=obj -o congestion_algorithm_notify.o
[35mlogger_1             |[0m [2021-05-31 08:53:24] [INFO] <pv.binding_manager.api> post_binding : <be.michelfra.disable_cc29>
[34mmt_manager_1         |[0m perf_log, 16, 0.002487
[35mlogger_1             |[0m [2021-05-31 08:53:33] [INFO] <pv.binding_manager.api> get_binding : <P0> : <200> : <be.michelfra.disable_cc17>
[34mmt_manager_1         |[0m perf_log, 16, 0.003771
[35mlogger_1             |[0m [2021-05-31 08:53:38] [INFO] <pv.binding_manager.api> add_result : from <P0> for <be.michelfra.disable_cc17> : status <200>
[35mlogger_1             |[0m [2021-05-31 08:53:38] [INFO] <pv.binding_manager.api> get_binding : <P0> : <200> : <be.michelfra.disable_cc16>
[35mlogger_1             |[0m [2021-05-31 08:53:43] [INFO] <pv.binding_manager.api> add_result : from <P0> for <be.michelfra.disable_cc16> : status <200>
[35mlogger_1             |[0m [2021-05-31 08:53:43] [INFO] <pv.binding_manager.api> get_binding : <P0> : <200> : <be.michelfra.disable_cc18>
[34mmt_manager_1         |[0m perf_log, 18, 0.004015
[35mlogger_1             |[0m [2021-05-31 08:53:48] [INFO] <pv.binding_manager.api> add_result : from <P0> for <be.michelfra.disable_cc18> : status <200>
[35mlogger_1             |[0m [2021-05-31 08:53:48] [INFO] <pv.binding_manager.api> get_binding : <P0> : <200> : <be.michelfra.disable_cc19>
[35mlogger_1             |[0m [2021-05-31 08:53:53] [INFO] <pv.binding_manager.api> add_result : from <P0> for <be.michelfra.disable_cc19> : status <200>
[35mlogger_1             |[0m [2021-05-31 08:53:53] [INFO] <pv.binding_manager.api> get_binding : <P0> : <200> : <be.michelfra.disable_cc20>
[34mmt_manager_1         |[0m perf_log, 20, 0.004249
[35mlogger_1             |[0m [2021-05-31 08:53:58] [INFO] <pv.binding_manager.api> add_result : from <P0> for <be.michelfra.disable_cc20> : status <200>
[35mlogger_1             |[0m [2021-05-31 08:53:58] [INFO] <pv.binding_manager.api> get_binding : <P0> : <200> : <be.michelfra.disable_cc22>
[35mlogger_1             |[0m [2021-05-31 08:54:03] [INFO] <pv.binding_manager.api> add_result : from <P0> for <be.michelfra.disable_cc22> : status <200>
[35mlogger_1             |[0m [2021-05-31 08:54:03] [INFO] <pv.binding_manager.api> get_binding : <P0> : <200> : <be.michelfra.disable_cc21>
[34mmt_manager_1         |[0m perf_log, 22, 0.004479
[35mlogger_1             |[0m [2021-05-31 08:54:08] [INFO] <pv.binding_manager.api> add_result : from <P0> for <be.michelfra.disable_cc21> : status <200>
[35mlogger_1             |[0m [2021-05-31 08:54:08] [INFO] <pv.binding_manager.api> get_binding : <P0> : <200> : <be.michelfra.disable_cc24>
[35mlogger_1             |[0m [2021-05-31 08:54:13] [INFO] <pv.binding_manager.api> add_result : from <P0> for <be.michelfra.disable_cc24> : status <200>
[35mlogger_1             |[0m [2021-05-31 08:54:13] [INFO] <pv.binding_manager.api> get_binding : <P0> : <200> : <be.michelfra.disable_cc23>
[34mmt_manager_1         |[0m perf_log, 24, 0.004725
[35mlogger_1             |[0m [2021-05-31 08:54:18] [INFO] <pv.binding_manager.api> add_result : from <P0> for <be.michelfra.disable_cc23> : status <200>
[35mlogger_1             |[0m [2021-05-31 08:54:18] [INFO] <pv.binding_manager.api> get_binding : <P0> : <200> : <be.michelfra.disable_cc25>
[35mlogger_1             |[0m [2021-05-31 08:54:23] [INFO] <pv.binding_manager.api> add_result : from <P0> for <be.michelfra.disable_cc25> : status <200>
[35mlogger_1             |[0m [2021-05-31 08:54:23] [INFO] <pv.binding_manager.api> get_binding : <P0> : <200> : <be.michelfra.disable_cc27>
[34mmt_manager_1         |[0m perf_log, 26, 0.004954
[35mlogger_1             |[0m [2021-05-31 08:54:28] [INFO] <pv.binding_manager.api> add_result : from <P0> for <be.michelfra.disable_cc27> : status <200>
[35mlogger_1             |[0m [2021-05-31 08:54:28] [INFO] <pv.binding_manager.api> get_binding : <P0> : <200> : <be.michelfra.disable_cc26>
[35mlogger_1             |[0m [2021-05-31 08:54:33] [INFO] <pv.binding_manager.api> add_result : from <P0> for <be.michelfra.disable_cc26> : status <200>
[35mlogger_1             |[0m [2021-05-31 08:54:33] [INFO] <pv.binding_manager.api> get_binding : <P0> : <200> : <be.michelfra.disable_cc28>
[34mmt_manager_1         |[0m perf_log, 28, 0.005057
[35mlogger_1             |[0m [2021-05-31 08:54:38] [INFO] <pv.binding_manager.api> add_result : from <P0> for <be.michelfra.disable_cc28> : status <200>
[35mlogger_1             |[0m [2021-05-31 08:54:38] [INFO] <pv.binding_manager.api> get_binding : <P0> : <200> : <be.michelfra.disable_cc30>
[35mlogger_1             |[0m [2021-05-31 08:54:43] [INFO] <pv.binding_manager.api> add_result : from <P0> for <be.michelfra.disable_cc30> : status <200>
[35mlogger_1             |[0m [2021-05-31 08:54:43] [INFO] <pv.binding_manager.api> get_binding : <P0> : <200> : <be.michelfra.disable_cc31>
[34mmt_manager_1         |[0m perf_log, 30, 0.005381
[35mlogger_1             |[0m [2021-05-31 08:54:48] [INFO] <pv.binding_manager.api> add_result : from <P0> for <be.michelfra.disable_cc31> : status <200>
[35mlogger_1             |[0m [2021-05-31 08:54:48] [INFO] <pv.binding_manager.api> get_binding : <P0> : <200> : <be.michelfra.disable_cc29>
[35mlogger_1             |[0m [2021-05-31 08:54:53] [INFO] <pv.binding_manager.api> add_result : from <P0> for <be.michelfra.disable_cc29> : status <200>
[34mmt_manager_1         |[0m perf_log, 32, 0.005675
[34mmt_manager_1         |[0m perf_log, 32, 0.005663
[34mmt_manager_1         |[0m perf_log, 32, 0.002113
[34mmt_manager_1         |[0m perf_log, 32, 0.005744
[34mmt_manager_1         |[0m perf_log, 32, 0.005768
[34mmt_manager_1         |[0m perf_log, 32, 0.006090
[34mmt_manager_1         |[0m perf_log, 32, 0.005747
[34mmt_manager_1         |[0m perf_log, 32, 0.005903
[34mmt_manager_1         |[0m perf_log, 32, 0.005677
[34mmt_manager_1         |[0m perf_log, 32, 0.005749
[34mmt_manager_1         |[0m perf_log, 32, 0.005908
[34mmt_manager_1         |[0m perf_log, 32, 0.005663
[34mmt_manager_1         |[0m perf_log, 32, 0.005639
[34mmt_manager_1         |[0m perf_log, 32, 0.005639
[34mmt_manager_1         |[0m perf_log, 32, 0.005617
[34mmt_manager_1         |[0m perf_log, 32, 0.005813
[34mmt_manager_1         |[0m perf_log, 32, 0.005709
[34mmt_manager_1         |[0m perf_log, 32, 0.005834
[34mmt_manager_1         |[0m perf_log, 32, 0.006086
[34mmt_manager_1         |[0m perf_log, 32, 0.005634
[34mmt_manager_1         |[0m perf_log, 32, 0.005689
Stopping root_user_gateway_1      ... 
Stopping root_mt_manager_1        ... 
Stopping root_P0_1                ... 
Stopping root_pr_gateway_1        ... 
Stopping root_binding_manager_1   ... 
Stopping root_binding_generator_1 ... 
Stopping root_logger_1            ... 
Stopping root_user_gateway_1      ... done
Stopping root_pr_gateway_1        ... done
Stopping root_P0_1                ... done
Stopping root_mt_manager_1        ... done
Stopping root_binding_manager_1   ... done
Stopping root_binding_generator_1 ... done
Stopping root_logger_1            ... done
Gracefully stopping... (press Ctrl+C again to force)
